[debug] [2023-06-04T03:31:20.460Z] ----------------------------------------------------------------------
[debug] [2023-06-04T03:31:20.464Z] Command:       C:\Program Files\nodejs\node.exe C:\Program Files\nodejs\node_modules\firebase-tools\lib\bin\firebase.js emulators:start
[debug] [2023-06-04T03:31:20.465Z] CLI Version:   12.3.0
[debug] [2023-06-04T03:31:20.466Z] Platform:      win32
[debug] [2023-06-04T03:31:20.467Z] Node Version:  v18.16.0
[debug] [2023-06-04T03:31:20.468Z] Time:          Sat Jun 03 2023 22:31:20 GMT-0500 (hora estándar de Perú)
[debug] [2023-06-04T03:31:20.468Z] ----------------------------------------------------------------------
[debug] 
[debug] [2023-06-04T03:31:20.655Z] > command requires scopes: ["email","openid","https://www.googleapis.com/auth/cloudplatformprojects.readonly","https://www.googleapis.com/auth/firebase","https://www.googleapis.com/auth/cloud-platform"]
[debug] [2023-06-04T03:31:20.656Z] > authorizing via signed-in user (gustavocaqui94@gmail.com)
[debug] [2023-06-04T03:31:20.863Z] openjdk version "19.0.2" 2023-01-17

[debug] [2023-06-04T03:31:20.864Z] OpenJDK Runtime Environment (build 19.0.2+7-44)
OpenJDK 64-Bit Server VM (build 19.0.2+7-44, mixed mode, sharing)

[debug] [2023-06-04T03:31:20.884Z] Parsed Java major version: 19
[info] i  emulators: Starting emulators: auth, firestore, hosting {"metadata":{"emulator":{"name":"hub"},"message":"Starting emulators: auth, firestore, hosting"}}
[warn] !  hosting: The hosting emulator is configured but there is no hosting configuration. Have you run firebase init hosting? {"metadata":{"emulator":{"name":"hosting"},"message":"The hosting emulator is configured but there is no hosting configuration. Have you run \u001b[1mfirebase init hosting\u001b[22m?"}}
[debug] [2023-06-04T03:31:20.902Z] [logging] Logging Emulator only supports listening on one address (127.0.0.1). Not listening on ::1
[debug] [2023-06-04T03:31:20.903Z] [auth] Authentication Emulator only supports listening on one address (127.0.0.1). Not listening on ::1
[debug] [2023-06-04T03:31:20.903Z] [firestore] Firestore Emulator only supports listening on one address (127.0.0.1). Not listening on ::1
[debug] [2023-06-04T03:31:20.903Z] [firestore.websocket] websocket server for firestore only supports listening on one address (127.0.0.1). Not listening on ::1
[debug] [2023-06-04T03:31:20.903Z] assigned listening specs for emulators {"user":{"hub":[{"address":"127.0.0.1","family":"IPv4","port":4400},{"address":"::1","family":"IPv6","port":4400}],"ui":[{"address":"127.0.0.1","family":"IPv4","port":9096},{"address":"::1","family":"IPv6","port":9096}],"logging":[{"address":"127.0.0.1","family":"IPv4","port":4500}],"auth":[{"address":"127.0.0.1","family":"IPv4","port":9099}],"firestore":[{"address":"127.0.0.1","family":"IPv4","port":9098}],"firestore.websocket":[{"address":"127.0.0.1","family":"IPv4","port":9150}]},"metadata":{"message":"assigned listening specs for emulators"}}
[debug] [2023-06-04T03:31:20.958Z] [hub] writing locator at C:\Users\GUSTAV~1\AppData\Local\Temp\hub-auth-firebase-angular-e54c1.json
[warn] !  firestore: Cloud Firestore Emulator does not support multiple databases yet. {"metadata":{"emulator":{"name":"firestore"},"message":"Cloud Firestore Emulator does not support multiple databases yet."}}
[warn] !  firestore: Did not find a Cloud Firestore rules file specified in a firebase.json config file. {"metadata":{"emulator":{"name":"firestore"},"message":"Did not find a Cloud Firestore rules file specified in a firebase.json config file."}}
[warn] !  firestore: The emulator will default to allowing all reads and writes. Learn more about this option: https://firebase.google.com/docs/emulator-suite/install_and_configure#security_rules_configuration. {"metadata":{"emulator":{"name":"firestore"},"message":"The emulator will default to allowing all reads and writes. Learn more about this option: https://firebase.google.com/docs/emulator-suite/install_and_configure#security_rules_configuration."}}
[debug] [2023-06-04T03:31:20.984Z] Ignoring unsupported arg: auto_download {"metadata":{"emulator":{"name":"firestore"},"message":"Ignoring unsupported arg: auto_download"}}
[debug] [2023-06-04T03:31:20.984Z] Ignoring unsupported arg: single_project_mode_error {"metadata":{"emulator":{"name":"firestore"},"message":"Ignoring unsupported arg: single_project_mode_error"}}
[debug] [2023-06-04T03:31:20.985Z] Starting Firestore Emulator with command {"binary":"java","args":["-Dgoogle.cloud_firestore.debug_log_level=FINE","-Duser.language=en","-jar","C:\\Users\\GUSTAVO PC\\.cache\\firebase\\emulators\\cloud-firestore-emulator-v1.17.4.jar","--host","127.0.0.1","--port",9098,"--websocket_port",9150,"--project_id","auth-firebase-angular-e54c1","--single_project_mode",true],"optionalArgs":["port","webchannel_port","host","rules","websocket_port","functions_emulator","seed_from_export","project_id","single_project_mode"],"joinArgs":false} {"metadata":{"emulator":{"name":"firestore"},"message":"Starting Firestore Emulator with command {\"binary\":\"java\",\"args\":[\"-Dgoogle.cloud_firestore.debug_log_level=FINE\",\"-Duser.language=en\",\"-jar\",\"C:\\\\Users\\\\GUSTAVO PC\\\\.cache\\\\firebase\\\\emulators\\\\cloud-firestore-emulator-v1.17.4.jar\",\"--host\",\"127.0.0.1\",\"--port\",9098,\"--websocket_port\",9150,\"--project_id\",\"auth-firebase-angular-e54c1\",\"--single_project_mode\",true],\"optionalArgs\":[\"port\",\"webchannel_port\",\"host\",\"rules\",\"websocket_port\",\"functions_emulator\",\"seed_from_export\",\"project_id\",\"single_project_mode\"],\"joinArgs\":false}"}}
[info] i  firestore: Firestore Emulator logging to firestore-debug.log {"metadata":{"emulator":{"name":"firestore"},"message":"Firestore Emulator logging to \u001b[1mfirestore-debug.log\u001b[22m"}}
[debug] [2023-06-04T03:31:22.500Z] Jun 03, 2023 10:31:22 PM com.google.cloud.datastore.emulator.firestore.websocket.WebSocketServer start
INFO: Started WebSocket server on ws://127.0.0.1:9150
 {"metadata":{"emulator":{"name":"firestore"},"message":"Jun 03, 2023 10:31:22 PM com.google.cloud.datastore.emulator.firestore.websocket.WebSocketServer start\r\nINFO: Started WebSocket server on ws://127.0.0.1:9150\r\n"}}
[debug] [2023-06-04T03:31:22.601Z] API endpoint: http:// {"metadata":{"emulator":{"name":"firestore"},"message":"API endpoint: http://"}}
[debug] [2023-06-04T03:31:22.602Z] 127.0.0.1:9098
If you are using a library that supports the FIRESTORE_EMULATOR_HOST environment variable, run:

   export FIRESTORE_EMULATOR_HOST=127.0.0.1:9098

Dev App Server is now running.

 {"metadata":{"emulator":{"name":"firestore"},"message":"127.0.0.1:9098\nIf you are using a library that supports the FIRESTORE_EMULATOR_HOST environment variable, run:\r\n\n   export FIRESTORE_EMULATOR_HOST=127.0.0.1:9098\n\nDev App Server is now running.\n\r\n"}}
[info] +  firestore: Firestore Emulator UI websocket is running on 9150. {"metadata":{"emulator":{"name":"firestore"},"message":"Firestore Emulator UI websocket is running on 9150."}}
[info] i  ui: downloading ui-v1.11.6.zip... {"metadata":{"emulator":{"name":"ui"},"message":"downloading ui-v1.11.6.zip..."}}
[debug] [2023-06-04T03:31:33.277Z] >>> [apiv2][query] GET https://storage.googleapis.com/firebase-preview-drop/emulator/ui-v1.11.6.zip 
[debug] [2023-06-04T03:31:33.611Z] <<< [apiv2][status] GET https://storage.googleapis.com/firebase-preview-drop/emulator/ui-v1.11.6.zip 200
[debug] [2023-06-04T03:31:33.612Z] <<< [apiv2][body] GET https://storage.googleapis.com/firebase-preview-drop/emulator/ui-v1.11.6.zip [stream]
[debug] [2023-06-04T03:31:34.459Z] Data is 3063444
[debug] [2023-06-04T03:31:34.459Z] [unzip] Entry: client/ (compressed_size=0 bytes, uncompressed_size=0 bytes)
[debug] [2023-06-04T03:31:34.459Z] [unzip] Processing entry: client\
[debug] [2023-06-04T03:31:34.459Z] [unzip] mkdir: C:\Users\GUSTAVO PC\.cache\firebase\emulators\ui-v1.11.6\client\
[debug] [2023-06-04T03:31:34.461Z] [unzip] Entry: client/favicon.ico (compressed_size=2497 bytes, uncompressed_size=7406 bytes)
[debug] [2023-06-04T03:31:34.461Z] [unzip] Processing entry: client\favicon.ico
[debug] [2023-06-04T03:31:34.462Z] [unzip] else mkdir: C:\Users\GUSTAVO PC\.cache\firebase\emulators\ui-v1.11.6\client
[debug] [2023-06-04T03:31:34.462Z] [unzip] deflating: C:\Users\GUSTAVO PC\.cache\firebase\emulators\ui-v1.11.6\client\favicon.ico
[debug] [2023-06-04T03:31:34.470Z] [unzip] Entry: client/apple-touch-icon.png (compressed_size=7231 bytes, uncompressed_size=7367 bytes)
[debug] [2023-06-04T03:31:34.470Z] [unzip] Processing entry: client\apple-touch-icon.png
[debug] [2023-06-04T03:31:34.470Z] [unzip] else mkdir: C:\Users\GUSTAVO PC\.cache\firebase\emulators\ui-v1.11.6\client
[debug] [2023-06-04T03:31:34.470Z] [unzip] deflating: C:\Users\GUSTAVO PC\.cache\firebase\emulators\ui-v1.11.6\client\apple-touch-icon.png
[debug] [2023-06-04T03:31:34.473Z] [unzip] Entry: client/android-chrome-512x512.png (compressed_size=16987 bytes, uncompressed_size=18186 bytes)
[debug] [2023-06-04T03:31:34.474Z] [unzip] Processing entry: client\android-chrome-512x512.png
[debug] [2023-06-04T03:31:34.474Z] [unzip] else mkdir: C:\Users\GUSTAVO PC\.cache\firebase\emulators\ui-v1.11.6\client
[debug] [2023-06-04T03:31:34.474Z] [unzip] deflating: C:\Users\GUSTAVO PC\.cache\firebase\emulators\ui-v1.11.6\client\android-chrome-512x512.png
[debug] [2023-06-04T03:31:34.478Z] [unzip] Entry: client/assets/ (compressed_size=0 bytes, uncompressed_size=0 bytes)
[debug] [2023-06-04T03:31:34.478Z] [unzip] Processing entry: client\assets\
[debug] [2023-06-04T03:31:34.478Z] [unzip] mkdir: C:\Users\GUSTAVO PC\.cache\firebase\emulators\ui-v1.11.6\client\assets\
[debug] [2023-06-04T03:31:34.479Z] [unzip] Entry: client/assets/extensions/ (compressed_size=0 bytes, uncompressed_size=0 bytes)
[debug] [2023-06-04T03:31:34.481Z] [unzip] Processing entry: client\assets\extensions\
[debug] [2023-06-04T03:31:34.482Z] [unzip] mkdir: C:\Users\GUSTAVO PC\.cache\firebase\emulators\ui-v1.11.6\client\assets\extensions\
[debug] [2023-06-04T03:31:34.482Z] [unzip] Entry: client/assets/extensions/default-extension.png (compressed_size=1646 bytes, uncompressed_size=1657 bytes)
[debug] [2023-06-04T03:31:34.483Z] [unzip] Processing entry: client\assets\extensions\default-extension.png
[debug] [2023-06-04T03:31:34.483Z] [unzip] else mkdir: C:\Users\GUSTAVO PC\.cache\firebase\emulators\ui-v1.11.6\client\assets\extensions
[debug] [2023-06-04T03:31:34.483Z] [unzip] deflating: C:\Users\GUSTAVO PC\.cache\firebase\emulators\ui-v1.11.6\client\assets\extensions\default-extension.png
[debug] [2023-06-04T03:31:34.487Z] [unzip] Entry: client/assets/index.85584c3f.js (compressed_size=526096 bytes, uncompressed_size=1859818 bytes)
[debug] [2023-06-04T03:31:34.487Z] [unzip] Processing entry: client\assets\index.85584c3f.js
[debug] [2023-06-04T03:31:34.487Z] [unzip] else mkdir: C:\Users\GUSTAVO PC\.cache\firebase\emulators\ui-v1.11.6\client\assets
[debug] [2023-06-04T03:31:34.487Z] [unzip] deflating: C:\Users\GUSTAVO PC\.cache\firebase\emulators\ui-v1.11.6\client\assets\index.85584c3f.js
[debug] [2023-06-04T03:31:34.506Z] [unzip] Entry: client/assets/provider-icons/ (compressed_size=0 bytes, uncompressed_size=0 bytes)
[debug] [2023-06-04T03:31:34.506Z] [unzip] Processing entry: client\assets\provider-icons\
[debug] [2023-06-04T03:31:34.507Z] [unzip] mkdir: C:\Users\GUSTAVO PC\.cache\firebase\emulators\ui-v1.11.6\client\assets\provider-icons\
[debug] [2023-06-04T03:31:34.508Z] [unzip] Entry: client/assets/provider-icons/auth_service_oidc.svg (compressed_size=414 bytes, uncompressed_size=858 bytes)
[debug] [2023-06-04T03:31:34.508Z] [unzip] Processing entry: client\assets\provider-icons\auth_service_oidc.svg
[debug] [2023-06-04T03:31:34.508Z] [unzip] else mkdir: C:\Users\GUSTAVO PC\.cache\firebase\emulators\ui-v1.11.6\client\assets\provider-icons
[debug] [2023-06-04T03:31:34.509Z] [unzip] deflating: C:\Users\GUSTAVO PC\.cache\firebase\emulators\ui-v1.11.6\client\assets\provider-icons\auth_service_oidc.svg
[debug] [2023-06-04T03:31:34.511Z] [unzip] Entry: client/assets/provider-icons/auth_service_yahoo.svg (compressed_size=577 bytes, uncompressed_size=1182 bytes)
[debug] [2023-06-04T03:31:34.511Z] [unzip] Processing entry: client\assets\provider-icons\auth_service_yahoo.svg
[debug] [2023-06-04T03:31:34.512Z] [unzip] else mkdir: C:\Users\GUSTAVO PC\.cache\firebase\emulators\ui-v1.11.6\client\assets\provider-icons
[debug] [2023-06-04T03:31:34.512Z] [unzip] deflating: C:\Users\GUSTAVO PC\.cache\firebase\emulators\ui-v1.11.6\client\assets\provider-icons\auth_service_yahoo.svg
[debug] [2023-06-04T03:31:34.515Z] [unzip] Entry: client/assets/provider-icons/auth_service_phone.svg (compressed_size=261 bytes, uncompressed_size=414 bytes)
[debug] [2023-06-04T03:31:34.515Z] [unzip] Processing entry: client\assets\provider-icons\auth_service_phone.svg
[debug] [2023-06-04T03:31:34.515Z] [unzip] else mkdir: C:\Users\GUSTAVO PC\.cache\firebase\emulators\ui-v1.11.6\client\assets\provider-icons
[debug] [2023-06-04T03:31:34.516Z] [unzip] deflating: C:\Users\GUSTAVO PC\.cache\firebase\emulators\ui-v1.11.6\client\assets\provider-icons\auth_service_phone.svg
[debug] [2023-06-04T03:31:34.521Z] [unzip] Entry: client/assets/provider-icons/auth_service_saml.svg (compressed_size=575 bytes, uncompressed_size=1226 bytes)
[debug] [2023-06-04T03:31:34.521Z] [unzip] Processing entry: client\assets\provider-icons\auth_service_saml.svg
[debug] [2023-06-04T03:31:34.521Z] [unzip] else mkdir: C:\Users\GUSTAVO PC\.cache\firebase\emulators\ui-v1.11.6\client\assets\provider-icons
[debug] [2023-06-04T03:31:34.522Z] [unzip] deflating: C:\Users\GUSTAVO PC\.cache\firebase\emulators\ui-v1.11.6\client\assets\provider-icons\auth_service_saml.svg
[debug] [2023-06-04T03:31:34.525Z] [unzip] Entry: client/assets/provider-icons/auth_service_mslive.svg (compressed_size=203 bytes, uncompressed_size=378 bytes)
[debug] [2023-06-04T03:31:34.526Z] [unzip] Processing entry: client\assets\provider-icons\auth_service_mslive.svg
[debug] [2023-06-04T03:31:34.526Z] [unzip] else mkdir: C:\Users\GUSTAVO PC\.cache\firebase\emulators\ui-v1.11.6\client\assets\provider-icons
[debug] [2023-06-04T03:31:34.527Z] [unzip] deflating: C:\Users\GUSTAVO PC\.cache\firebase\emulators\ui-v1.11.6\client\assets\provider-icons\auth_service_mslive.svg
[debug] [2023-06-04T03:31:34.533Z] [unzip] Entry: client/assets/provider-icons/auth_service_facebook.svg (compressed_size=289 bytes, uncompressed_size=457 bytes)
[debug] [2023-06-04T03:31:34.534Z] [unzip] Processing entry: client\assets\provider-icons\auth_service_facebook.svg
[debug] [2023-06-04T03:31:34.534Z] [unzip] else mkdir: C:\Users\GUSTAVO PC\.cache\firebase\emulators\ui-v1.11.6\client\assets\provider-icons
[debug] [2023-06-04T03:31:34.535Z] [unzip] deflating: C:\Users\GUSTAVO PC\.cache\firebase\emulators\ui-v1.11.6\client\assets\provider-icons\auth_service_facebook.svg
[debug] [2023-06-04T03:31:34.538Z] [unzip] Entry: client/assets/provider-icons/auth_service_play_games.svg (compressed_size=565 bytes, uncompressed_size=1173 bytes)
[debug] [2023-06-04T03:31:34.538Z] [unzip] Processing entry: client\assets\provider-icons\auth_service_play_games.svg
[debug] [2023-06-04T03:31:34.538Z] [unzip] else mkdir: C:\Users\GUSTAVO PC\.cache\firebase\emulators\ui-v1.11.6\client\assets\provider-icons
[debug] [2023-06-04T03:31:34.539Z] [unzip] deflating: C:\Users\GUSTAVO PC\.cache\firebase\emulators\ui-v1.11.6\client\assets\provider-icons\auth_service_play_games.svg
[debug] [2023-06-04T03:31:34.542Z] [unzip] Entry: client/assets/provider-icons/auth_service_github.svg (compressed_size=466 bytes, uncompressed_size=838 bytes)
[debug] [2023-06-04T03:31:34.542Z] [unzip] Processing entry: client\assets\provider-icons\auth_service_github.svg
[debug] [2023-06-04T03:31:34.542Z] [unzip] else mkdir: C:\Users\GUSTAVO PC\.cache\firebase\emulators\ui-v1.11.6\client\assets\provider-icons
[debug] [2023-06-04T03:31:34.543Z] [unzip] deflating: C:\Users\GUSTAVO PC\.cache\firebase\emulators\ui-v1.11.6\client\assets\provider-icons\auth_service_github.svg
[debug] [2023-06-04T03:31:34.546Z] [unzip] Entry: client/assets/provider-icons/auth_service_apple.svg (compressed_size=230 bytes, uncompressed_size=334 bytes)
[debug] [2023-06-04T03:31:34.546Z] [unzip] Processing entry: client\assets\provider-icons\auth_service_apple.svg
[debug] [2023-06-04T03:31:34.546Z] [unzip] else mkdir: C:\Users\GUSTAVO PC\.cache\firebase\emulators\ui-v1.11.6\client\assets\provider-icons
[debug] [2023-06-04T03:31:34.547Z] [unzip] deflating: C:\Users\GUSTAVO PC\.cache\firebase\emulators\ui-v1.11.6\client\assets\provider-icons\auth_service_apple.svg
[debug] [2023-06-04T03:31:34.550Z] [unzip] Entry: client/assets/provider-icons/auth_service_google.svg (compressed_size=409 bytes, uncompressed_size=720 bytes)
[debug] [2023-06-04T03:31:34.550Z] [unzip] Processing entry: client\assets\provider-icons\auth_service_google.svg
[debug] [2023-06-04T03:31:34.551Z] [unzip] else mkdir: C:\Users\GUSTAVO PC\.cache\firebase\emulators\ui-v1.11.6\client\assets\provider-icons
[debug] [2023-06-04T03:31:34.551Z] [unzip] deflating: C:\Users\GUSTAVO PC\.cache\firebase\emulators\ui-v1.11.6\client\assets\provider-icons\auth_service_google.svg
[debug] [2023-06-04T03:31:34.555Z] [unzip] Entry: client/assets/provider-icons/auth_service_email.svg (compressed_size=228 bytes, uncompressed_size=326 bytes)
[debug] [2023-06-04T03:31:34.555Z] [unzip] Processing entry: client\assets\provider-icons\auth_service_email.svg
[debug] [2023-06-04T03:31:34.555Z] [unzip] else mkdir: C:\Users\GUSTAVO PC\.cache\firebase\emulators\ui-v1.11.6\client\assets\provider-icons
[debug] [2023-06-04T03:31:34.556Z] [unzip] deflating: C:\Users\GUSTAVO PC\.cache\firebase\emulators\ui-v1.11.6\client\assets\provider-icons\auth_service_email.svg
[debug] [2023-06-04T03:31:34.559Z] [unzip] Entry: client/assets/provider-icons/auth_service_twitter.svg (compressed_size=444 bytes, uncompressed_size=751 bytes)
[debug] [2023-06-04T03:31:34.559Z] [unzip] Processing entry: client\assets\provider-icons\auth_service_twitter.svg
[debug] [2023-06-04T03:31:34.559Z] [unzip] else mkdir: C:\Users\GUSTAVO PC\.cache\firebase\emulators\ui-v1.11.6\client\assets\provider-icons
[debug] [2023-06-04T03:31:34.560Z] [unzip] deflating: C:\Users\GUSTAVO PC\.cache\firebase\emulators\ui-v1.11.6\client\assets\provider-icons\auth_service_twitter.svg
[debug] [2023-06-04T03:31:34.562Z] [unzip] Entry: client/assets/provider-icons/auth_service_game_center.svg (compressed_size=991 bytes, uncompressed_size=3921 bytes)
[debug] [2023-06-04T03:31:34.563Z] [unzip] Processing entry: client\assets\provider-icons\auth_service_game_center.svg
[debug] [2023-06-04T03:31:34.563Z] [unzip] else mkdir: C:\Users\GUSTAVO PC\.cache\firebase\emulators\ui-v1.11.6\client\assets\provider-icons
[debug] [2023-06-04T03:31:34.564Z] [unzip] deflating: C:\Users\GUSTAVO PC\.cache\firebase\emulators\ui-v1.11.6\client\assets\provider-icons\auth_service_game_center.svg
[debug] [2023-06-04T03:31:34.569Z] [unzip] Entry: client/assets/img/ (compressed_size=0 bytes, uncompressed_size=0 bytes)
[debug] [2023-06-04T03:31:34.570Z] [unzip] Processing entry: client\assets\img\
[debug] [2023-06-04T03:31:34.570Z] [unzip] mkdir: C:\Users\GUSTAVO PC\.cache\firebase\emulators\ui-v1.11.6\client\assets\img\
[debug] [2023-06-04T03:31:34.571Z] [unzip] Entry: client/assets/img/database.png (compressed_size=29449 bytes, uncompressed_size=29988 bytes)
[debug] [2023-06-04T03:31:34.571Z] [unzip] Processing entry: client\assets\img\database.png
[debug] [2023-06-04T03:31:34.572Z] [unzip] else mkdir: C:\Users\GUSTAVO PC\.cache\firebase\emulators\ui-v1.11.6\client\assets\img
[debug] [2023-06-04T03:31:34.572Z] [unzip] deflating: C:\Users\GUSTAVO PC\.cache\firebase\emulators\ui-v1.11.6\client\assets\img\database.png
[debug] [2023-06-04T03:31:34.576Z] [unzip] Entry: client/assets/index.b9383ce5.css (compressed_size=37605 bytes, uncompressed_size=321268 bytes)
[debug] [2023-06-04T03:31:34.576Z] [unzip] Processing entry: client\assets\index.b9383ce5.css
[debug] [2023-06-04T03:31:34.576Z] [unzip] else mkdir: C:\Users\GUSTAVO PC\.cache\firebase\emulators\ui-v1.11.6\client\assets
[debug] [2023-06-04T03:31:34.577Z] [unzip] deflating: C:\Users\GUSTAVO PC\.cache\firebase\emulators\ui-v1.11.6\client\assets\index.b9383ce5.css
[debug] [2023-06-04T03:31:34.581Z] [unzip] Entry: client/assets/index.85584c3f.js.map (compressed_size=1778028 bytes, uncompressed_size=7960238 bytes)
[debug] [2023-06-04T03:31:34.581Z] [unzip] Processing entry: client\assets\index.85584c3f.js.map
[debug] [2023-06-04T03:31:34.582Z] [unzip] else mkdir: C:\Users\GUSTAVO PC\.cache\firebase\emulators\ui-v1.11.6\client\assets
[debug] [2023-06-04T03:31:34.583Z] [unzip] deflating: C:\Users\GUSTAVO PC\.cache\firebase\emulators\ui-v1.11.6\client\assets\index.85584c3f.js.map
[debug] [2023-06-04T03:31:34.628Z] [unzip] Entry: client/safari-pinned-tab.svg (compressed_size=838 bytes, uncompressed_size=1504 bytes)
[debug] [2023-06-04T03:31:34.628Z] [unzip] Processing entry: client\safari-pinned-tab.svg
[debug] [2023-06-04T03:31:34.628Z] [unzip] else mkdir: C:\Users\GUSTAVO PC\.cache\firebase\emulators\ui-v1.11.6\client
[debug] [2023-06-04T03:31:34.629Z] [unzip] deflating: C:\Users\GUSTAVO PC\.cache\firebase\emulators\ui-v1.11.6\client\safari-pinned-tab.svg
[debug] [2023-06-04T03:31:34.632Z] [unzip] Entry: client/mstile-150x150.png (compressed_size=5406 bytes, uncompressed_size=5723 bytes)
[debug] [2023-06-04T03:31:34.632Z] [unzip] Processing entry: client\mstile-150x150.png
[debug] [2023-06-04T03:31:34.632Z] [unzip] else mkdir: C:\Users\GUSTAVO PC\.cache\firebase\emulators\ui-v1.11.6\client
[debug] [2023-06-04T03:31:34.633Z] [unzip] deflating: C:\Users\GUSTAVO PC\.cache\firebase\emulators\ui-v1.11.6\client\mstile-150x150.png
[debug] [2023-06-04T03:31:34.636Z] [unzip] Entry: client/browserconfig.xml (compressed_size=491 bytes, uncompressed_size=822 bytes)
[debug] [2023-06-04T03:31:34.636Z] [unzip] Processing entry: client\browserconfig.xml
[debug] [2023-06-04T03:31:34.637Z] [unzip] else mkdir: C:\Users\GUSTAVO PC\.cache\firebase\emulators\ui-v1.11.6\client
[debug] [2023-06-04T03:31:34.637Z] [unzip] deflating: C:\Users\GUSTAVO PC\.cache\firebase\emulators\ui-v1.11.6\client\browserconfig.xml
[debug] [2023-06-04T03:31:34.640Z] [unzip] Entry: client/robots.txt (compressed_size=26 bytes, uncompressed_size=26 bytes)
[debug] [2023-06-04T03:31:34.640Z] [unzip] Processing entry: client\robots.txt
[debug] [2023-06-04T03:31:34.640Z] [unzip] else mkdir: C:\Users\GUSTAVO PC\.cache\firebase\emulators\ui-v1.11.6\client
[debug] [2023-06-04T03:31:34.641Z] [unzip] Writing file: C:\Users\GUSTAVO PC\.cache\firebase\emulators\ui-v1.11.6\client\robots.txt
[debug] [2023-06-04T03:31:34.645Z] [unzip] Entry: client/index.html (compressed_size=1363 bytes, uncompressed_size=3064 bytes)
[debug] [2023-06-04T03:31:34.645Z] [unzip] Processing entry: client\index.html
[debug] [2023-06-04T03:31:34.645Z] [unzip] else mkdir: C:\Users\GUSTAVO PC\.cache\firebase\emulators\ui-v1.11.6\client
[debug] [2023-06-04T03:31:34.646Z] [unzip] deflating: C:\Users\GUSTAVO PC\.cache\firebase\emulators\ui-v1.11.6\client\index.html
[debug] [2023-06-04T03:31:34.651Z] [unzip] Entry: client/favicon-16x16.png (compressed_size=757 bytes, uncompressed_size=777 bytes)
[debug] [2023-06-04T03:31:34.652Z] [unzip] Processing entry: client\favicon-16x16.png
[debug] [2023-06-04T03:31:34.652Z] [unzip] else mkdir: C:\Users\GUSTAVO PC\.cache\firebase\emulators\ui-v1.11.6\client
[debug] [2023-06-04T03:31:34.653Z] [unzip] deflating: C:\Users\GUSTAVO PC\.cache\firebase\emulators\ui-v1.11.6\client\favicon-16x16.png
[debug] [2023-06-04T03:31:34.657Z] [unzip] Entry: client/manifest.json (compressed_size=246 bytes, uncompressed_size=551 bytes)
[debug] [2023-06-04T03:31:34.657Z] [unzip] Processing entry: client\manifest.json
[debug] [2023-06-04T03:31:34.657Z] [unzip] else mkdir: C:\Users\GUSTAVO PC\.cache\firebase\emulators\ui-v1.11.6\client
[debug] [2023-06-04T03:31:34.658Z] [unzip] deflating: C:\Users\GUSTAVO PC\.cache\firebase\emulators\ui-v1.11.6\client\manifest.json
[debug] [2023-06-04T03:31:34.660Z] [unzip] Entry: client/favicon-32x32.png (compressed_size=1175 bytes, uncompressed_size=1175 bytes)
[debug] [2023-06-04T03:31:34.660Z] [unzip] Processing entry: client\favicon-32x32.png
[debug] [2023-06-04T03:31:34.661Z] [unzip] else mkdir: C:\Users\GUSTAVO PC\.cache\firebase\emulators\ui-v1.11.6\client
[debug] [2023-06-04T03:31:34.662Z] [unzip] Writing file: C:\Users\GUSTAVO PC\.cache\firebase\emulators\ui-v1.11.6\client\favicon-32x32.png
[debug] [2023-06-04T03:31:34.665Z] [unzip] Entry: client/android-chrome-192x192.png (compressed_size=7602 bytes, uncompressed_size=7834 bytes)
[debug] [2023-06-04T03:31:34.665Z] [unzip] Processing entry: client\android-chrome-192x192.png
[debug] [2023-06-04T03:31:34.666Z] [unzip] else mkdir: C:\Users\GUSTAVO PC\.cache\firebase\emulators\ui-v1.11.6\client
[debug] [2023-06-04T03:31:34.667Z] [unzip] deflating: C:\Users\GUSTAVO PC\.cache\firebase\emulators\ui-v1.11.6\client\android-chrome-192x192.png
[debug] [2023-06-04T03:31:34.670Z] [unzip] Entry: server/ (compressed_size=0 bytes, uncompressed_size=0 bytes)
[debug] [2023-06-04T03:31:34.671Z] [unzip] Processing entry: server\
[debug] [2023-06-04T03:31:34.671Z] [unzip] mkdir: C:\Users\GUSTAVO PC\.cache\firebase\emulators\ui-v1.11.6\server\
[debug] [2023-06-04T03:31:34.672Z] [unzip] Entry: server/server.js (compressed_size=343746 bytes, uncompressed_size=1346374 bytes)
[debug] [2023-06-04T03:31:34.673Z] [unzip] Processing entry: server\server.js
[debug] [2023-06-04T03:31:34.674Z] [unzip] else mkdir: C:\Users\GUSTAVO PC\.cache\firebase\emulators\ui-v1.11.6\server
[debug] [2023-06-04T03:31:34.674Z] [unzip] deflating: C:\Users\GUSTAVO PC\.cache\firebase\emulators\ui-v1.11.6\server\server.js
[debug] [2023-06-04T03:31:34.687Z] [unzip] Entry: server/server.js.map (compressed_size=289157 bytes, uncompressed_size=1325651 bytes)
[debug] [2023-06-04T03:31:34.687Z] [unzip] Processing entry: server\server.js.map
[debug] [2023-06-04T03:31:34.687Z] [unzip] else mkdir: C:\Users\GUSTAVO PC\.cache\firebase\emulators\ui-v1.11.6\server
[debug] [2023-06-04T03:31:34.688Z] [unzip] deflating: C:\Users\GUSTAVO PC\.cache\firebase\emulators\ui-v1.11.6\server\server.js.map
[debug] [2023-06-04T03:31:34.701Z] Ignoring unsupported arg: auto_download {"metadata":{"emulator":{"name":"ui"},"message":"Ignoring unsupported arg: auto_download"}}
[debug] [2023-06-04T03:31:34.702Z] Ignoring unsupported arg: port {"metadata":{"emulator":{"name":"ui"},"message":"Ignoring unsupported arg: port"}}
[debug] [2023-06-04T03:31:34.702Z] Starting Emulator UI with command {"binary":"node","args":["C:\\Users\\GUSTAVO PC\\.cache\\firebase\\emulators\\ui-v1.11.6\\server\\server.js"],"optionalArgs":[],"joinArgs":false} {"metadata":{"emulator":{"name":"ui"},"message":"Starting Emulator UI with command {\"binary\":\"node\",\"args\":[\"C:\\\\Users\\\\GUSTAVO PC\\\\.cache\\\\firebase\\\\emulators\\\\ui-v1.11.6\\\\server\\\\server.js\"],\"optionalArgs\":[],\"joinArgs\":false}"}}
[info] i  ui: Emulator UI logging to ui-debug.log {"metadata":{"emulator":{"name":"ui"},"message":"Emulator UI logging to \u001b[1mui-debug.log\u001b[22m"}}
[debug] [2023-06-04T03:31:35.148Z] Web / API server started at 127.0.0.1:9096
 {"metadata":{"emulator":{"name":"ui"},"message":"Web / API server started at 127.0.0.1:9096\n"}}
[debug] [2023-06-04T03:31:35.149Z] Web / API server started at ::1:9096
 {"metadata":{"emulator":{"name":"ui"},"message":"Web / API server started at ::1:9096\n"}}
[info] 
┌─────────────────────────────────────────────────────────────┐
│ ✔  All emulators ready! It is now safe to connect your app. │
│ i  View Emulator UI at http://127.0.0.1:9096/               │
└─────────────────────────────────────────────────────────────┘

┌────────────────┬──────────────────────────────────┬─────────────────────────────────┐
│ Emulator       │ Host:Port                        │ View in Emulator UI             │
├────────────────┼──────────────────────────────────┼─────────────────────────────────┤
│ Authentication │ 127.0.0.1:9099                   │ http://127.0.0.1:9096/auth      │
├────────────────┼──────────────────────────────────┼─────────────────────────────────┤
│ Firestore      │ 127.0.0.1:9098                   │ http://127.0.0.1:9096/firestore │
├────────────────┼──────────────────────────────────┼─────────────────────────────────┤
│ Hosting        │ Failed to initialize (see above) │                                 │
└────────────────┴──────────────────────────────────┴─────────────────────────────────┘
  Emulator Hub running at 127.0.0.1:4400
  Other reserved ports: 4500, 9150

Issues? Report them at https://github.com/firebase/firebase-tools/issues and attach the *-debug.log files.
 
[debug] [2023-06-04T03:31:54.499Z] Jun 03, 2023 10:31:54 PM com.google.cloud.datastore.emulator.firestore.websocket.WebSocketChannelHandler initChannel
INFO: Connected to new websocket client
 {"metadata":{"emulator":{"name":"firestore"},"message":"Jun 03, 2023 10:31:54 PM com.google.cloud.datastore.emulator.firestore.websocket.WebSocketChannelHandler initChannel\r\nINFO: Connected to new websocket client\r\n"}}
